android/app/build/intermediates/manifest_merge_blame_file/release/manifest-merger-blame-release-report.txt
1<?xml version="1.0" encoding="utf-8"?>
2<manifest xmlns:android="http://schemas.android.com/apk/res/android"
3    package="com.myshop.cafe"
4    android:versionCode="2"
5    android:versionName="1.1.0" >
6
7    <uses-sdk
8        android:minSdkVersion="26"
9        android:targetSdkVersion="34" />
10
11    <uses-permission android:name="android.permission.INTERNET" />
11-->src/main/AndroidManifest.xml:5:5-67
11-->src/main/AndroidManifest.xml:5:22-64
12    <uses-permission android:name="android.permission.ACCESS_NETWORK_STATE" />
12-->src/main/AndroidManifest.xml:6:5-79
12-->src/main/AndroidManifest.xml:6:22-76
13
14    <queries>
14-->src/main/AndroidManifest.xml:8:5-19:15
15        <package android:name="com.domain.acledabankqr" />
15-->src/main/AndroidManifest.xml:9:9-59
15-->src/main/AndroidManifest.xml:9:18-56
16        <package android:name="com.acledabank.mobile" />
16-->src/main/AndroidManifest.xml:10:9-57
16-->src/main/AndroidManifest.xml:10:18-54
17
18        <intent>
18-->src/main/AndroidManifest.xml:11:9-14:18
19            <action android:name="android.intent.action.VIEW" />
19-->src/main/AndroidManifest.xml:12:13-65
19-->src/main/AndroidManifest.xml:12:21-62
20
21            <data android:scheme="acledamobile" />
21-->src/main/AndroidManifest.xml:13:13-51
21-->src/main/AndroidManifest.xml:13:19-48
22        </intent>
23        <intent>
23-->src/main/AndroidManifest.xml:15:9-18:18
24            <action android:name="android.intent.action.VIEW" />
24-->src/main/AndroidManifest.xml:12:13-65
24-->src/main/AndroidManifest.xml:12:21-62
25
26            <data android:scheme="acledabankqr" />
26-->src/main/AndroidManifest.xml:13:13-51
26-->src/main/AndroidManifest.xml:13:19-48
27        </intent>
28    </queries>
29
30    <permission
30-->[androidx.core:core:1.12.0] AndroidManifest.xml:22:5-24:47
31        android:name="com.myshop.cafe.DYNAMIC_RECEIVER_NOT_EXPORTED_PERMISSION"
31-->[androidx.core:core:1.12.0] AndroidManifest.xml:23:9-81
32        android:protectionLevel="signature" />
32-->[androidx.core:core:1.12.0] AndroidManifest.xml:24:9-44
33
34    <uses-permission android:name="com.myshop.cafe.DYNAMIC_RECEIVER_NOT_EXPORTED_PERMISSION" />
34-->[androidx.core:core:1.12.0] AndroidManifest.xml:26:5-97
34-->[androidx.core:core:1.12.0] AndroidManifest.xml:26:22-94
35
36    <application
36-->src/main/AndroidManifest.xml:21:5-54:19
37        android:name="com.myshop.cafe.MyShopApplication"
37-->src/main/AndroidManifest.xml:22:9-42
38        android:allowBackup="true"
38-->src/main/AndroidManifest.xml:23:9-35
39        android:appComponentFactory="androidx.core.app.CoreComponentFactory"
39-->[androidx.core:core:1.12.0] AndroidManifest.xml:28:18-86
40        android:dataExtractionRules="@xml/data_extraction_rules"
40-->src/main/AndroidManifest.xml:24:9-65
41        android:extractNativeLibs="false"
42        android:fullBackupContent="@xml/backup_rules"
42-->src/main/AndroidManifest.xml:25:9-54
43        android:icon="@mipmap/ic_launcher"
43-->src/main/AndroidManifest.xml:26:9-43
44        android:label="@string/app_name"
44-->src/main/AndroidManifest.xml:27:9-41
45        android:roundIcon="@mipmap/ic_launcher_round"
45-->src/main/AndroidManifest.xml:28:9-54
46        android:supportsRtl="true"
46-->src/main/AndroidManifest.xml:29:9-35
47        android:theme="@style/Theme.MyShopCafe"
47-->src/main/AndroidManifest.xml:30:9-48
48        android:usesCleartextTraffic="true" >
48-->src/main/AndroidManifest.xml:31:9-44
49        <activity
49-->src/main/AndroidManifest.xml:34:9-43:20
50            android:name="com.myshop.cafe.MainActivity"
50-->src/main/AndroidManifest.xml:35:13-41
51            android:exported="true"
51-->src/main/AndroidManifest.xml:36:13-36
52            android:label="@string/app_name"
52-->src/main/AndroidManifest.xml:37:13-45
53            android:theme="@style/Theme.MyShopCafe" >
53-->src/main/AndroidManifest.xml:38:13-52
54            <intent-filter>
54-->src/main/AndroidManifest.xml:39:13-42:29
55                <action android:name="android.intent.action.MAIN" />
55-->src/main/AndroidManifest.xml:40:17-69
55-->src/main/AndroidManifest.xml:40:25-66
56
57                <category android:name="android.intent.category.LAUNCHER" />
57-->src/main/AndroidManifest.xml:41:17-77
57-->src/main/AndroidManifest.xml:41:27-74
58            </intent-filter>
59        </activity>
60
61        <service
61-->src/main/AndroidManifest.xml:45:9-53:19
62            android:name="com.myshop.cafe.services.OtpListenerService"
62-->src/main/AndroidManifest.xml:46:13-56
63            android:exported="true"
63-->src/main/AndroidManifest.xml:49:13-36
64            android:label="@string/app_name"
64-->src/main/AndroidManifest.xml:47:13-45
65            android:permission="android.permission.BIND_NOTIFICATION_LISTENER_SERVICE" >
65-->src/main/AndroidManifest.xml:48:13-87
66            <intent-filter>
66-->src/main/AndroidManifest.xml:50:13-52:29
67                <action android:name="android.service.notification.NotificationListenerService" />
67-->src/main/AndroidManifest.xml:51:17-99
67-->src/main/AndroidManifest.xml:51:25-96
68            </intent-filter>
69        </service>
70
71        <provider
71-->[androidx.emoji2:emoji2:1.3.0] AndroidManifest.xml:24:9-32:20
72            android:name="androidx.startup.InitializationProvider"
72-->[androidx.emoji2:emoji2:1.3.0] AndroidManifest.xml:25:13-67
73            android:authorities="com.myshop.cafe.androidx-startup"
73-->[androidx.emoji2:emoji2:1.3.0] AndroidManifest.xml:26:13-68
74            android:exported="false" >
74-->[androidx.emoji2:emoji2:1.3.0] AndroidManifest.xml:27:13-37
75            <meta-data
75-->[androidx.emoji2:emoji2:1.3.0] AndroidManifest.xml:29:13-31:52
76                android:name="androidx.emoji2.text.EmojiCompatInitializer"
76-->[androidx.emoji2:emoji2:1.3.0] AndroidManifest.xml:30:17-75
77                android:value="androidx.startup" />
77-->[androidx.emoji2:emoji2:1.3.0] AndroidManifest.xml:31:17-49
78            <meta-data
78-->[androidx.lifecycle:lifecycle-process:2.7.0] AndroidManifest.xml:29:13-31:52
79                android:name="androidx.lifecycle.ProcessLifecycleInitializer"
79-->[androidx.lifecycle:lifecycle-process:2.7.0] AndroidManifest.xml:30:17-78
80                android:value="androidx.startup" />
80-->[androidx.lifecycle:lifecycle-process:2.7.0] AndroidManifest.xml:31:17-49
81            <meta-data
81-->[androidx.profileinstaller:profileinstaller:1.3.1] AndroidManifest.xml:29:13-31:52
82                android:name="androidx.profileinstaller.ProfileInstallerInitializer"
82-->[androidx.profileinstaller:profileinstaller:1.3.1] AndroidManifest.xml:30:17-85
83                android:value="androidx.startup" />
83-->[androidx.profileinstaller:profileinstaller:1.3.1] AndroidManifest.xml:31:17-49
84        </provider>
85
86        <receiver
86-->[androidx.profileinstaller:profileinstaller:1.3.1] AndroidManifest.xml:34:9-52:20
87            android:name="androidx.profileinstaller.ProfileInstallReceiver"
87-->[androidx.profileinstaller:profileinstaller:1.3.1] AndroidManifest.xml:35:13-76
88            android:directBootAware="false"
88-->[androidx.profileinstaller:profileinstaller:1.3.1] AndroidManifest.xml:36:13-44
89            android:enabled="true"
89-->[androidx.profileinstaller:profileinstaller:1.3.1] AndroidManifest.xml:37:13-35
90            android:exported="true"
90-->[androidx.profileinstaller:profileinstaller:1.3.1] AndroidManifest.xml:38:13-36
91            android:permission="android.permission.DUMP" >
91-->[androidx.profileinstaller:profileinstaller:1.3.1] AndroidManifest.xml:39:13-57
92            <intent-filter>
92-->[androidx.profileinstaller:profileinstaller:1.3.1] AndroidManifest.xml:40:13-42:29
93                <action android:name="androidx.profileinstaller.action.INSTALL_PROFILE" />
93-->[androidx.profileinstaller:profileinstaller:1.3.1] AndroidManifest.xml:41:17-91
93-->[androidx.profileinstaller:profileinstaller:1.3.1] AndroidManifest.xml:41:25-88
94            </intent-filter>
95            <intent-filter>
95-->[androidx.profileinstaller:profileinstaller:1.3.1] AndroidManifest.xml:43:13-45:29
96                <action android:name="androidx.profileinstaller.action.SKIP_FILE" />
96-->[androidx.profileinstaller:profileinstaller:1.3.1] AndroidManifest.xml:44:17-85
96-->[androidx.profileinstaller:profileinstaller:1.3.1] AndroidManifest.xml:44:25-82
97            </intent-filter>
98            <intent-filter>
98-->[androidx.profileinstaller:profileinstaller:1.3.1] AndroidManifest.xml:46:13-48:29
99                <action android:name="androidx.profileinstaller.action.SAVE_PROFILE" />
99-->[androidx.profileinstaller:profileinstaller:1.3.1] AndroidManifest.xml:47:17-88
99-->[androidx.profileinstaller:profileinstaller:1.3.1] AndroidManifest.xml:47:25-85
100            </intent-filter>
101            <intent-filter>
101-->[androidx.profileinstaller:profileinstaller:1.3.1] AndroidManifest.xml:49:13-51:29
102                <action android:name="androidx.profileinstaller.action.BENCHMARK_OPERATION" />
102-->[androidx.profileinstaller:profileinstaller:1.3.1] AndroidManifest.xml:50:17-95
102-->[androidx.profileinstaller:profileinstaller:1.3.1] AndroidManifest.xml:50:25-92
103            </intent-filter>
104        </receiver>
105    </application>
106
107</manifest>